<?xml version="1.0" encoding="UTF-8"?>
<!-- Generated by org.testng.reporters.JUnitReportReporter -->
<testsuite hostname="INBook_X1" failures="0" tests="2" name="com.ProjectMaven.SampleTest.Delete" time="0.013" errors="0" timestamp="2023-01-23T12:19:14 IST" skipped="0">
  <testcase classname="com.ProjectMaven.SampleTest.Delete" name="deleteTestData" time="0.002"/>
  <system-out>
    <![CDATA[project data deleted]]>
  </system-out>
  <testcase classname="com.ProjectMaven.SampleTest.Delete" name="deleteTest" time="0.011"/>
  <system-out>
    <![CDATA[project deleted]]>
  </system-out>
</testsuite> <!-- com.ProjectMaven.SampleTest.Delete -->
