<?xml version="1.0" encoding="UTF-8"?>
<!-- Generated by org.testng.reporters.JUnitReportReporter -->
<testsuite hostname="INBook_X1" failures="0" tests="2" name="com.ProjectMaven.SampleTest.Update" time="0.002" errors="0" timestamp="2023-01-23T12:19:14 IST" skipped="0">
  <testcase classname="com.ProjectMaven.SampleTest.Update" name="updateTest" time="0.001"/>
  <system-out>
    <![CDATA[project updated]]>
  </system-out>
  <testcase classname="com.ProjectMaven.SampleTest.Update" name="updatetestdata" time="0.001"/>
  <system-out>
    <![CDATA[project data updated]]>
  </system-out>
</testsuite> <!-- com.ProjectMaven.SampleTest.Update -->
