<?xml version="1.0" encoding="UTF-8"?>
<!-- Generated by org.testng.reporters.JUnitReportReporter -->
<testsuite hostname="INBook_X1" failures="0" tests="1" name="Practice.CommandLineDataPass" time="0.010" errors="0" timestamp="2023-01-18T13:02:06 IST" skipped="0">
  <testcase classname="Practice.CommandLineDataPass" name="travelTo" time="0.010"/>
  <system-out/>
</testsuite> <!-- Practice.CommandLineDataPass -->
