<?xml version="1.0" encoding="UTF-8"?>
<!-- Generated by org.testng.reporters.JUnitReportReporter -->
<testsuite hostname="INBook_X1" failures="0" tests="2" name="com.ProjectMaven.SampleTest.UpdateTest" time="0.002" errors="0" timestamp="2023-01-23T12:32:41 IST" skipped="0">
  <testcase classname="com.ProjectMaven.SampleTest.UpdateTest" name="updateTest" time="0.001"/>
  <system-out>
    <![CDATA[project updated]]>
  </system-out>
  <testcase classname="com.ProjectMaven.SampleTest.UpdateTest" name="updatetestdata" time="0.001"/>
  <system-out>
    <![CDATA[project data updated]]>
  </system-out>
</testsuite> <!-- com.ProjectMaven.SampleTest.UpdateTest -->
