<?xml version="1.0" encoding="UTF-8"?>
<!-- Generated by org.testng.reporters.JUnitReportReporter -->
<testsuite hostname="INBook_X1" failures="0" tests="2" name="com.ProjectMaven.SampleTest.DeleteTest" time="0.010" errors="0" timestamp="2023-01-23T12:32:41 IST" skipped="0">
  <testcase classname="com.ProjectMaven.SampleTest.DeleteTest" name="deleteTest" time="0.008"/>
  <system-out>
    <![CDATA[project deleted]]>
  </system-out>
  <testcase classname="com.ProjectMaven.SampleTest.DeleteTest" name="deleteTestData" time="0.002"/>
  <system-out>
    <![CDATA[project data deleted]]>
  </system-out>
</testsuite> <!-- com.ProjectMaven.SampleTest.DeleteTest -->
